[INFO] 並列実行では requests-cache を無効化しました（SQLite のロック競合回避）。
[INFO] 並列スクレイプ開始: 2010-01-01 ～ 2025-10-31 (workers=8, method=feed)
[INFO] ワーカー #1: URL 317 件 | 本文 317 本 | 本文取得 410.9s
[INFO] ワーカー #2: URL 316 件 | 本文 316 本 | 本文取得 403.3s
[INFO] ワーカー #3: URL 316 件 | 本文 316 本 | 本文取得 409.0s
[INFO] ワーカー #4: URL 316 件 | 本文 316 本 | 本文取得 415.6s
[INFO] ワーカー #5: URL 316 件 | 本文 316 本 | 本文取得 406.4s
[INFO] ワーカー #6: URL 316 件 | 本文 316 本 | 本文取得 404.1s
[INFO] ワーカー #7: URL 316 件 | 本文 313 本 | 本文取得 412.5s
[INFO] ワーカー #8: URL 316 件 | 本文 315 本 | 本文取得 410.1s
[INFO] 抽出完了: 2525 本
[INFO] URL 範囲（推定公開日）: 2010-02-04 ～ 2025-10-31
[INFO] 集計: feed 2529/2529 | archive 0/0 | rest 0/0 | duplicates removed 0 | out-of-range skipped 0
[INFO] 累計時間: URL収集 9.3s / 本文取得 3271.8s
[WARN] 取得失敗一覧:
  - http://esperanto.china.org.cn/2024-11/12/content_117541858.htm (article structure unexpected: http://esperanto.china.org.cn/2024-11/12/content_117541858.htm)
  - http://esperanto.china.org.cn/2025-02/21/content_117726013.htm (article structure unexpected: http://esperanto.china.org.cn/2025-02/21/content_117726013.htm)
  - http://esperanto.china.org.cn/2025-02/21/content_117726026.htm (article structure unexpected: http://esperanto.china.org.cn/2025-02/21/content_117726026.htm)
  - http://esperanto.china.org.cn/2025-09/26/content_118099033.htm (article structure unexpected: http://esperanto.china.org.cn/2025-09/26/content_118099033.htm)
[DONE] 2010 MD: output/elpopola_20100101_20251031_parallel_8w/el_popola_cxinio_2010.md
[DONE] 2010 TXT: output/elpopola_20100101_20251031_parallel_8w/el_popola_cxinio_2010.txt
[DONE] 2010 CSV: output/elpopola_20100101_20251031_parallel_8w/el_popola_cxinio_2010.csv
[DONE] 2010 JSONL: output/elpopola_20100101_20251031_parallel_8w/el_popola_cxinio_2010.jsonl
[DONE] 2011 MD: output/elpopola_20100101_20251031_parallel_8w/el_popola_cxinio_2011.md
[DONE] 2011 TXT: output/elpopola_20100101_20251031_parallel_8w/el_popola_cxinio_2011.txt
[DONE] 2011 CSV: output/elpopola_20100101_20251031_parallel_8w/el_popola_cxinio_2011.csv
[DONE] 2011 JSONL: output/elpopola_20100101_20251031_parallel_8w/el_popola_cxinio_2011.jsonl
[DONE] 2012 MD: output/elpopola_20100101_20251031_parallel_8w/el_popola_cxinio_2012.md
[DONE] 2012 TXT: output/elpopola_20100101_20251031_parallel_8w/el_popola_cxinio_2012.txt
[DONE] 2012 CSV: output/elpopola_20100101_20251031_parallel_8w/el_popola_cxinio_2012.csv
[DONE] 2012 JSONL: output/elpopola_20100101_20251031_parallel_8w/el_popola_cxinio_2012.jsonl
[DONE] 2013 MD: output/elpopola_20100101_20251031_parallel_8w/el_popola_cxinio_2013.md
[DONE] 2013 TXT: output/elpopola_20100101_20251031_parallel_8w/el_popola_cxinio_2013.txt
[DONE] 2013 CSV: output/elpopola_20100101_20251031_parallel_8w/el_popola_cxinio_2013.csv
[DONE] 2013 JSONL: output/elpopola_20100101_20251031_parallel_8w/el_popola_cxinio_2013.jsonl
[DONE] 2014 MD: output/elpopola_20100101_20251031_parallel_8w/el_popola_cxinio_2014.md
[DONE] 2014 TXT: output/elpopola_20100101_20251031_parallel_8w/el_popola_cxinio_2014.txt
[DONE] 2014 CSV: output/elpopola_20100101_20251031_parallel_8w/el_popola_cxinio_2014.csv
[DONE] 2014 JSONL: output/elpopola_20100101_20251031_parallel_8w/el_popola_cxinio_2014.jsonl
[DONE] 2015 MD: output/elpopola_20100101_20251031_parallel_8w/el_popola_cxinio_2015.md
[DONE] 2015 TXT: output/elpopola_20100101_20251031_parallel_8w/el_popola_cxinio_2015.txt
[DONE] 2015 CSV: output/elpopola_20100101_20251031_parallel_8w/el_popola_cxinio_2015.csv
[DONE] 2015 JSONL: output/elpopola_20100101_20251031_parallel_8w/el_popola_cxinio_2015.jsonl
[DONE] 2016 MD: output/elpopola_20100101_20251031_parallel_8w/el_popola_cxinio_2016.md
[DONE] 2016 TXT: output/elpopola_20100101_20251031_parallel_8w/el_popola_cxinio_2016.txt
[DONE] 2016 CSV: output/elpopola_20100101_20251031_parallel_8w/el_popola_cxinio_2016.csv
[DONE] 2016 JSONL: output/elpopola_20100101_20251031_parallel_8w/el_popola_cxinio_2016.jsonl
[DONE] 2017 MD: output/elpopola_20100101_20251031_parallel_8w/el_popola_cxinio_2017.md
[DONE] 2017 TXT: output/elpopola_20100101_20251031_parallel_8w/el_popola_cxinio_2017.txt
[DONE] 2017 CSV: output/elpopola_20100101_20251031_parallel_8w/el_popola_cxinio_2017.csv
[DONE] 2017 JSONL: output/elpopola_20100101_20251031_parallel_8w/el_popola_cxinio_2017.jsonl
[DONE] 2018 MD: output/elpopola_20100101_20251031_parallel_8w/el_popola_cxinio_2018.md
[DONE] 2018 TXT: output/elpopola_20100101_20251031_parallel_8w/el_popola_cxinio_2018.txt
[DONE] 2018 CSV: output/elpopola_20100101_20251031_parallel_8w/el_popola_cxinio_2018.csv
[DONE] 2018 JSONL: output/elpopola_20100101_20251031_parallel_8w/el_popola_cxinio_2018.jsonl
[DONE] 2019 MD: output/elpopola_20100101_20251031_parallel_8w/el_popola_cxinio_2019.md
[DONE] 2019 TXT: output/elpopola_20100101_20251031_parallel_8w/el_popola_cxinio_2019.txt
[DONE] 2019 CSV: output/elpopola_20100101_20251031_parallel_8w/el_popola_cxinio_2019.csv
[DONE] 2019 JSONL: output/elpopola_20100101_20251031_parallel_8w/el_popola_cxinio_2019.jsonl
[DONE] 2020 MD: output/elpopola_20100101_20251031_parallel_8w/el_popola_cxinio_2020.md
[DONE] 2020 TXT: output/elpopola_20100101_20251031_parallel_8w/el_popola_cxinio_2020.txt
[DONE] 2020 CSV: output/elpopola_20100101_20251031_parallel_8w/el_popola_cxinio_2020.csv
[DONE] 2020 JSONL: output/elpopola_20100101_20251031_parallel_8w/el_popola_cxinio_2020.jsonl
[DONE] 2021 MD: output/elpopola_20100101_20251031_parallel_8w/el_popola_cxinio_2021.md
[DONE] 2021 TXT: output/elpopola_20100101_20251031_parallel_8w/el_popola_cxinio_2021.txt
[DONE] 2021 CSV: output/elpopola_20100101_20251031_parallel_8w/el_popola_cxinio_2021.csv
[DONE] 2021 JSONL: output/elpopola_20100101_20251031_parallel_8w/el_popola_cxinio_2021.jsonl
[DONE] 2022 MD: output/elpopola_20100101_20251031_parallel_8w/el_popola_cxinio_2022.md
[DONE] 2022 TXT: output/elpopola_20100101_20251031_parallel_8w/el_popola_cxinio_2022.txt
[DONE] 2022 CSV: output/elpopola_20100101_20251031_parallel_8w/el_popola_cxinio_2022.csv
[DONE] 2022 JSONL: output/elpopola_20100101_20251031_parallel_8w/el_popola_cxinio_2022.jsonl
[DONE] 2023 MD: output/elpopola_20100101_20251031_parallel_8w/el_popola_cxinio_2023.md
[DONE] 2023 TXT: output/elpopola_20100101_20251031_parallel_8w/el_popola_cxinio_2023.txt
[DONE] 2023 CSV: output/elpopola_20100101_20251031_parallel_8w/el_popola_cxinio_2023.csv
[DONE] 2023 JSONL: output/elpopola_20100101_20251031_parallel_8w/el_popola_cxinio_2023.jsonl
[DONE] 2024 MD: output/elpopola_20100101_20251031_parallel_8w/el_popola_cxinio_2024.md
[DONE] 2024 TXT: output/elpopola_20100101_20251031_parallel_8w/el_popola_cxinio_2024.txt
[DONE] 2024 CSV: output/elpopola_20100101_20251031_parallel_8w/el_popola_cxinio_2024.csv
[DONE] 2024 JSONL: output/elpopola_20100101_20251031_parallel_8w/el_popola_cxinio_2024.jsonl
[DONE] 2025 MD: output/elpopola_20100101_20251031_parallel_8w/el_popola_cxinio_2025.md
[DONE] 2025 TXT: output/elpopola_20100101_20251031_parallel_8w/el_popola_cxinio_2025.txt
[DONE] 2025 CSV: output/elpopola_20100101_20251031_parallel_8w/el_popola_cxinio_2025.csv
[DONE] 2025 JSONL: output/elpopola_20100101_20251031_parallel_8w/el_popola_cxinio_2025.jsonl

