[LiberaFolio-archive] Collecting 2003-01-01 -> 2015-12-31 (archive mode, 16 cores)
[INFO] 並列実行では requests-cache を無効化しました（SQLite のロック競合回避）。
[INFO] 並列スクレイプ開始: 2003-01-01 ～ 2015-12-31 (workers=16, method=archive)
[INFO] ワーカー #1: 2003-01-01 ～ 2003-10-24 | URL 9 件 | 本文 0 本 | URL収集 13.4s / 本文取得 9.8s
[INFO] ワーカー #2: 2003-10-25 ～ 2004-08-16 | URL 0 件 | 本文 0 本 | URL収集 16.5s / 本文取得 0.0s
[INFO] ワーカー #3: 2004-08-17 ～ 2005-06-09 | URL 2 件 | 本文 0 本 | URL収集 17.4s / 本文取得 2.8s
[INFO] ワーカー #4: 2005-06-10 ～ 2006-04-02 | URL 0 件 | 本文 0 本 | URL収集 25.5s / 本文取得 0.0s
[INFO] ワーカー #5: 2006-04-03 ～ 2007-01-24 | URL 0 件 | 本文 0 本 | URL収集 20.7s / 本文取得 0.0s
[INFO] ワーカー #6: 2007-01-25 ～ 2007-11-17 | URL 0 件 | 本文 0 本 | URL収集 24.5s / 本文取得 0.0s
[INFO] ワーカー #7: 2007-11-18 ～ 2008-09-09 | URL 0 件 | 本文 0 本 | URL収集 23.3s / 本文取得 0.0s
[INFO] ワーカー #8: 2008-09-10 ～ 2009-07-03 | URL 0 件 | 本文 0 本 | URL収集 23.2s / 本文取得 0.0s
[INFO] ワーカー #9: 2009-07-04 ～ 2010-04-26 | URL 0 件 | 本文 0 本 | URL収集 21.3s / 本文取得 0.0s
[INFO] ワーカー #10: 2010-04-27 ～ 2011-02-17 | URL 0 件 | 本文 0 本 | URL収集 24.7s / 本文取得 0.0s
[INFO] ワーカー #11: 2011-02-18 ～ 2011-12-11 | URL 0 件 | 本文 0 本 | URL収集 23.5s / 本文取得 0.0s
[INFO] ワーカー #12: 2011-12-12 ～ 2012-10-03 | URL 0 件 | 本文 0 本 | URL収集 25.7s / 本文取得 0.0s
[INFO] ワーカー #13: 2012-10-04 ～ 2013-07-26 | URL 0 件 | 本文 0 本 | URL収集 20.9s / 本文取得 0.0s
[INFO] ワーカー #14: 2013-07-27 ～ 2014-05-18 | URL 0 件 | 本文 0 本 | URL収集 21.4s / 本文取得 0.0s
[INFO] ワーカー #15: 2014-05-19 ～ 2015-03-10 | URL 0 件 | 本文 0 本 | URL収集 23.3s / 本文取得 0.0s
[INFO] ワーカー #16: 2015-03-11 ～ 2015-12-31 | URL 0 件 | 本文 0 本 | URL収集 20.6s / 本文取得 0.0s
[INFO] 抽出完了: 0 本
[INFO] URL 範囲（推定公開日）: 2003-04-01 ～ 2004-11-01
[INFO] 集計: feed 0/0 | archive 11/11 | rest 0/0 | duplicates removed 0 | out-of-range skipped 0
[INFO] 累計時間: URL収集 345.9s / 本文取得 12.6s
[LiberaFolio-archive] Completed
