[INFO] 並列実行では requests-cache を無効化しました（SQLite のロック競合回避）。
[INFO] 並列スクレイプ開始: 2010-01-01 ～ 2025-10-31 (workers=8, method=feed)
[INFO] ワーカー #1: URL 421 件 | 本文 421 本 | 本文取得 535.5s
[INFO] ワーカー #2: URL 421 件 | 本文 421 本 | 本文取得 534.5s
[INFO] ワーカー #3: URL 420 件 | 本文 420 本 | 本文取得 533.1s
[INFO] ワーカー #4: URL 420 件 | 本文 420 本 | 本文取得 533.2s
[INFO] ワーカー #5: URL 420 件 | 本文 419 本 | 本文取得 534.3s
[INFO] ワーカー #6: URL 420 件 | 本文 416 本 | 本文取得 533.5s
[INFO] ワーカー #7: URL 420 件 | 本文 420 本 | 本文取得 540.6s
[INFO] ワーカー #8: URL 420 件 | 本文 416 本 | 本文取得 534.4s
[INFO] 抽出完了: 3353 本
[INFO] URL 範囲（推定公開日）: 2010-01-01 ～ 2023-12-01
[INFO] 集計: feed 3362/3362 | archive 0/0 | rest 0/0 | duplicates removed 0 | out-of-range skipped 0
[INFO] 累計時間: URL収集 5.7s / 本文取得 4279.1s
[WARN] 取得失敗一覧:
  - https://www.monato.be/2017/000005.php?p (404 Client Error: Not Found for url: https://www.monato.be/2017/000005.php?p)
  - https://www.monato.be/2018/000001.php?p (404 Client Error: Not Found for url: https://www.monato.be/2018/000001.php?p)
  - https://www.monato.be/2019/012155.php?p (404 Client Error: Not Found for url: https://www.monato.be/2019/012155.php?p)
  - https://www.monato.be/2019/012300.php?p (404 Client Error: Not Found for url: https://www.monato.be/2019/012300.php?p)
  - https://www.monato.be/2019/012354.php?p (404 Client Error: Not Found for url: https://www.monato.be/2019/012354.php?p)
  - https://www.monato.be/2022/013182.php?p (404 Client Error: Not Found for url: https://www.monato.be/2022/013182.php?p)
  - https://www.monato.be/2023/012373.php?p (404 Client Error: Not Found for url: https://www.monato.be/2023/012373.php?p)
  - https://www.monato.be/2017/011809.php?p (404 Client Error: Not Found for url: https://www.monato.be/2017/011809.php?p)
  - https://www.monato.be/2023/013358.php?p (404 Client Error: Not Found for url: https://www.monato.be/2023/013358.php?p)
[DONE] 2010 MD: output/monato_20100101_20251031_parallel_8w/monato_2010.md
[DONE] 2010 TXT: output/monato_20100101_20251031_parallel_8w/monato_2010.txt
[DONE] 2010 CSV: output/monato_20100101_20251031_parallel_8w/monato_2010.csv
[DONE] 2010 JSONL: output/monato_20100101_20251031_parallel_8w/monato_2010.jsonl
[DONE] 2011 MD: output/monato_20100101_20251031_parallel_8w/monato_2011.md
[DONE] 2011 TXT: output/monato_20100101_20251031_parallel_8w/monato_2011.txt
[DONE] 2011 CSV: output/monato_20100101_20251031_parallel_8w/monato_2011.csv
[DONE] 2011 JSONL: output/monato_20100101_20251031_parallel_8w/monato_2011.jsonl
[DONE] 2012 MD: output/monato_20100101_20251031_parallel_8w/monato_2012.md
[DONE] 2012 TXT: output/monato_20100101_20251031_parallel_8w/monato_2012.txt
[DONE] 2012 CSV: output/monato_20100101_20251031_parallel_8w/monato_2012.csv
[DONE] 2012 JSONL: output/monato_20100101_20251031_parallel_8w/monato_2012.jsonl
[DONE] 2013 MD: output/monato_20100101_20251031_parallel_8w/monato_2013.md
[DONE] 2013 TXT: output/monato_20100101_20251031_parallel_8w/monato_2013.txt
[DONE] 2013 CSV: output/monato_20100101_20251031_parallel_8w/monato_2013.csv
[DONE] 2013 JSONL: output/monato_20100101_20251031_parallel_8w/monato_2013.jsonl
[DONE] 2014 MD: output/monato_20100101_20251031_parallel_8w/monato_2014.md
[DONE] 2014 TXT: output/monato_20100101_20251031_parallel_8w/monato_2014.txt
[DONE] 2014 CSV: output/monato_20100101_20251031_parallel_8w/monato_2014.csv
[DONE] 2014 JSONL: output/monato_20100101_20251031_parallel_8w/monato_2014.jsonl
[DONE] 2015 MD: output/monato_20100101_20251031_parallel_8w/monato_2015.md
[DONE] 2015 TXT: output/monato_20100101_20251031_parallel_8w/monato_2015.txt
[DONE] 2015 CSV: output/monato_20100101_20251031_parallel_8w/monato_2015.csv
[DONE] 2015 JSONL: output/monato_20100101_20251031_parallel_8w/monato_2015.jsonl
[DONE] 2016 MD: output/monato_20100101_20251031_parallel_8w/monato_2016.md
[DONE] 2016 TXT: output/monato_20100101_20251031_parallel_8w/monato_2016.txt
[DONE] 2016 CSV: output/monato_20100101_20251031_parallel_8w/monato_2016.csv
[DONE] 2016 JSONL: output/monato_20100101_20251031_parallel_8w/monato_2016.jsonl
[DONE] 2017 MD: output/monato_20100101_20251031_parallel_8w/monato_2017.md
[DONE] 2017 TXT: output/monato_20100101_20251031_parallel_8w/monato_2017.txt
[DONE] 2017 CSV: output/monato_20100101_20251031_parallel_8w/monato_2017.csv
[DONE] 2017 JSONL: output/monato_20100101_20251031_parallel_8w/monato_2017.jsonl
[DONE] 2018 MD: output/monato_20100101_20251031_parallel_8w/monato_2018.md
[DONE] 2018 TXT: output/monato_20100101_20251031_parallel_8w/monato_2018.txt
[DONE] 2018 CSV: output/monato_20100101_20251031_parallel_8w/monato_2018.csv
[DONE] 2018 JSONL: output/monato_20100101_20251031_parallel_8w/monato_2018.jsonl
[DONE] 2019 MD: output/monato_20100101_20251031_parallel_8w/monato_2019.md
[DONE] 2019 TXT: output/monato_20100101_20251031_parallel_8w/monato_2019.txt
[DONE] 2019 CSV: output/monato_20100101_20251031_parallel_8w/monato_2019.csv
[DONE] 2019 JSONL: output/monato_20100101_20251031_parallel_8w/monato_2019.jsonl
[DONE] 2020 MD: output/monato_20100101_20251031_parallel_8w/monato_2020.md
[DONE] 2020 TXT: output/monato_20100101_20251031_parallel_8w/monato_2020.txt
[DONE] 2020 CSV: output/monato_20100101_20251031_parallel_8w/monato_2020.csv
[DONE] 2020 JSONL: output/monato_20100101_20251031_parallel_8w/monato_2020.jsonl
[DONE] 2021 MD: output/monato_20100101_20251031_parallel_8w/monato_2021.md
[DONE] 2021 TXT: output/monato_20100101_20251031_parallel_8w/monato_2021.txt
[DONE] 2021 CSV: output/monato_20100101_20251031_parallel_8w/monato_2021.csv
[DONE] 2021 JSONL: output/monato_20100101_20251031_parallel_8w/monato_2021.jsonl
[DONE] 2022 MD: output/monato_20100101_20251031_parallel_8w/monato_2022.md
[DONE] 2022 TXT: output/monato_20100101_20251031_parallel_8w/monato_2022.txt
[DONE] 2022 CSV: output/monato_20100101_20251031_parallel_8w/monato_2022.csv
[DONE] 2022 JSONL: output/monato_20100101_20251031_parallel_8w/monato_2022.jsonl
[DONE] 2023 MD: output/monato_20100101_20251031_parallel_8w/monato_2023.md
[DONE] 2023 TXT: output/monato_20100101_20251031_parallel_8w/monato_2023.txt
[DONE] 2023 CSV: output/monato_20100101_20251031_parallel_8w/monato_2023.csv
[DONE] 2023 JSONL: output/monato_20100101_20251031_parallel_8w/monato_2023.jsonl
[DONE] unknown MD: output/monato_20100101_20251031_parallel_8w/monato_unknown.md
[DONE] unknown TXT: output/monato_20100101_20251031_parallel_8w/monato_unknown.txt
[DONE] unknown CSV: output/monato_20100101_20251031_parallel_8w/monato_unknown.csv
[DONE] unknown JSONL: output/monato_20100101_20251031_parallel_8w/monato_unknown.jsonl

