[INFO] 並列実行では requests-cache を無効化しました（SQLite のロック競合回避）。
[INFO] 並列スクレイプ開始: 2011-01-01 ～ 2025-10-19 (workers=16, method=auto)
[INFO] ワーカー #1: 2011-01-01 ～ 2011-12-04 | URL 79 件 | 本文 79 本 | URL収集 10.2s / 本文取得 79.3s
[INFO] ワーカー #2: 2011-12-05 ～ 2012-11-06 | URL 100 件 | 本文 100 本 | URL収集 28.8s / 本文取得 100.2s
[INFO] ワーカー #3: 2012-11-07 ～ 2013-10-10 | URL 206 件 | 本文 206 本 | URL収集 66.3s / 本文取得 206.6s
[INFO] ワーカー #4: 2013-10-11 ～ 2014-09-13 | URL 377 件 | 本文 377 本 | URL収集 88.3s / 本文取得 378.0s
[INFO] ワーカー #5: 2014-09-14 ～ 2015-08-17 | URL 393 件 | 本文 393 本 | URL収集 105.5s / 本文取得 393.9s
[INFO] ワーカー #6: 2015-08-18 ～ 2016-07-20 | URL 396 件 | 本文 396 本 | URL収集 90.5s / 本文取得 397.2s
[INFO] ワーカー #7: 2016-07-21 ～ 2017-06-23 | URL 425 件 | 本文 425 本 | URL収集 88.8s / 本文取得 426.3s
[INFO] ワーカー #8: 2017-06-24 ～ 2018-05-27 | URL 450 件 | 本文 450 本 | URL収集 98.6s / 本文取得 451.0s
[INFO] ワーカー #9: 2018-05-28 ～ 2019-04-30 | URL 351 件 | 本文 351 本 | URL収集 100.5s / 本文取得 351.7s
[INFO] ワーカー #10: 2019-05-01 ～ 2020-04-02 | URL 367 件 | 本文 367 本 | URL収集 82.9s / 本文取得 367.7s
[INFO] ワーカー #11: 2020-04-03 ～ 2021-03-06 | URL 396 件 | 本文 396 本 | URL収集 86.6s / 本文取得 397.1s
[INFO] ワーカー #12: 2021-03-07 ～ 2022-02-07 | URL 435 件 | 本文 435 本 | URL収集 104.9s / 本文取得 435.9s
[INFO] ワーカー #13: 2022-02-08 ～ 2023-01-11 | URL 382 件 | 本文 382 本 | URL収集 101.2s / 本文取得 383.0s
[INFO] ワーカー #14: 2023-01-12 ～ 2023-12-15 | URL 319 件 | 本文 319 本 | URL収集 85.2s / 本文取得 319.9s
[INFO] ワーカー #15: 2023-12-16 ～ 2024-11-16 | URL 341 件 | 本文 341 本 | URL収集 98.2s / 本文取得 341.8s
[INFO] ワーカー #16: 2024-11-17 ～ 2025-10-19 | URL 305 件 | 本文 305 本 | URL収集 97.7s / 本文取得 305.7s
[INFO] 抽出完了: 5322 本
[INFO] URL 範囲（推定公開日）: 2011-02-15 ～ 2025-10-15
[INFO] 集計: feed 0/0 | archive 0/0 | rest 5322/5322 | duplicates removed 0 | out-of-range skipped 0
[INFO] 累計時間: URL収集 1334.3s / 本文取得 5335.2s
[DONE] MD: output/pola_retradio_20110101_20251019_parallel_16w/pola_retradio_2011-02-15_2025-10-15.md
[DONE] TXT: output/pola_retradio_20110101_20251019_parallel_16w/pola_retradio_2011-02-15_2025-10-15.txt
[DONE] CSV: output/pola_retradio_20110101_20251019_parallel_16w/pola_retradio_2011-02-15_2025-10-15.csv
[DONE] JSONL: output/pola_retradio_20110101_20251019_parallel_16w/pola_retradio_2011-02-15_2025-10-15.jsonl
